
rle-rocc.riscv:     file format elf64-littleriscv


Disassembly of section .text:

00000000000100b0 <register_fini>:
   100b0:	ffff0797          	auipc	a5,0xffff0
   100b4:	f5078793          	addi	a5,a5,-176 # 0 <register_fini-0x100b0>
   100b8:	c791                	beqz	a5,100c4 <register_fini+0x14>
   100ba:	00000517          	auipc	a0,0x0
   100be:	2fc50513          	addi	a0,a0,764 # 103b6 <__libc_fini_array>
   100c2:	a635                	j	103ee <atexit>
   100c4:	8082                	ret

00000000000100c6 <_start>:
   100c6:	00002197          	auipc	gp,0x2
   100ca:	bfa18193          	addi	gp,gp,-1030 # 11cc0 <__global_pointer$>
   100ce:	f6018513          	addi	a0,gp,-160 # 11c20 <_edata>
   100d2:	fa018613          	addi	a2,gp,-96 # 11c60 <__BSS_END__>
   100d6:	8e09                	sub	a2,a2,a0
   100d8:	4581                	li	a1,0
   100da:	170000ef          	jal	ra,1024a <memset>
   100de:	00000517          	auipc	a0,0x0
   100e2:	31050513          	addi	a0,a0,784 # 103ee <atexit>
   100e6:	c519                	beqz	a0,100f4 <_start+0x2e>
   100e8:	00000517          	auipc	a0,0x0
   100ec:	2ce50513          	addi	a0,a0,718 # 103b6 <__libc_fini_array>
   100f0:	2fe000ef          	jal	ra,103ee <atexit>
   100f4:	0ec000ef          	jal	ra,101e0 <__libc_init_array>
   100f8:	4502                	lw	a0,0(sp)
   100fa:	002c                	addi	a1,sp,8
   100fc:	4601                	li	a2,0
   100fe:	08c000ef          	jal	ra,1018a <main>
   10102:	a0c1                	j	101c2 <exit>

0000000000010104 <__do_global_dtors_aux>:
   10104:	f6818793          	addi	a5,gp,-152 # 11c28 <completed.5527>
   10108:	0007c703          	lbu	a4,0(a5)
   1010c:	eb0d                	bnez	a4,1013e <__do_global_dtors_aux+0x3a>
   1010e:	1141                	addi	sp,sp,-16
   10110:	e022                	sd	s0,0(sp)
   10112:	e406                	sd	ra,8(sp)
   10114:	843e                	mv	s0,a5
   10116:	ffff0797          	auipc	a5,0xffff0
   1011a:	eea78793          	addi	a5,a5,-278 # 0 <register_fini-0x100b0>
   1011e:	cb89                	beqz	a5,10130 <__do_global_dtors_aux+0x2c>
   10120:	00001517          	auipc	a0,0x1
   10124:	38050513          	addi	a0,a0,896 # 114a0 <__FRAME_END__>
   10128:	00000097          	auipc	ra,0x0
   1012c:	000000e7          	jalr	zero # 0 <register_fini-0x100b0>
   10130:	4785                	li	a5,1
   10132:	60a2                	ld	ra,8(sp)
   10134:	00f40023          	sb	a5,0(s0)
   10138:	6402                	ld	s0,0(sp)
   1013a:	0141                	addi	sp,sp,16
   1013c:	8082                	ret
   1013e:	8082                	ret

0000000000010140 <frame_dummy>:
   10140:	ffff0797          	auipc	a5,0xffff0
   10144:	ec078793          	addi	a5,a5,-320 # 0 <register_fini-0x100b0>
   10148:	cb99                	beqz	a5,1015e <frame_dummy+0x1e>
   1014a:	f7018593          	addi	a1,gp,-144 # 11c30 <object.5532>
   1014e:	00001517          	auipc	a0,0x1
   10152:	35250513          	addi	a0,a0,850 # 114a0 <__FRAME_END__>
   10156:	00000317          	auipc	t1,0x0
   1015a:	00000067          	jr	zero # 0 <register_fini-0x100b0>
   1015e:	8082                	ret

0000000000010160 <rle_encode>:
   10160:	7179                	addi	sp,sp,-48
   10162:	f422                	sd	s0,40(sp)
   10164:	1800                	addi	s0,sp,48
   10166:	fca43c23          	sd	a0,-40(s0)
   1016a:	0ff0000f          	fence
   1016e:	fd843783          	ld	a5,-40(s0)
   10172:	0207e78b          	0x207e78b
   10176:	fef43423          	sd	a5,-24(s0)
   1017a:	0ff0000f          	fence
   1017e:	fe843783          	ld	a5,-24(s0)
   10182:	853e                	mv	a0,a5
   10184:	7422                	ld	s0,40(sp)
   10186:	6145                	addi	sp,sp,48
   10188:	8082                	ret

000000000001018a <main>:
   1018a:	1101                	addi	sp,sp,-32
   1018c:	ec06                	sd	ra,24(sp)
   1018e:	e822                	sd	s0,16(sp)
   10190:	1000                	addi	s0,sp,32
   10192:	60000793          	li	a5,1536
   10196:	fef43423          	sd	a5,-24(s0)
   1019a:	f6018513          	addi	a0,gp,-160 # 11c20 <_edata>
   1019e:	fc3ff0ef          	jal	ra,10160 <rle_encode>
   101a2:	fea43023          	sd	a0,-32(s0)
   101a6:	fe043703          	ld	a4,-32(s0)
   101aa:	fe843783          	ld	a5,-24(s0)
   101ae:	00f70463          	beq	a4,a5,101b6 <main+0x2c>
   101b2:	57fd                	li	a5,-1
   101b4:	a011                	j	101b8 <main+0x2e>
   101b6:	4781                	li	a5,0
   101b8:	853e                	mv	a0,a5
   101ba:	60e2                	ld	ra,24(sp)
   101bc:	6442                	ld	s0,16(sp)
   101be:	6105                	addi	sp,sp,32
   101c0:	8082                	ret

00000000000101c2 <exit>:
   101c2:	1141                	addi	sp,sp,-16
   101c4:	4581                	li	a1,0
   101c6:	e022                	sd	s0,0(sp)
   101c8:	e406                	sd	ra,8(sp)
   101ca:	842a                	mv	s0,a0
   101cc:	128000ef          	jal	ra,102f4 <__call_exitprocs>
   101d0:	f481b503          	ld	a0,-184(gp) # 11c08 <_global_impure_ptr>
   101d4:	6d3c                	ld	a5,88(a0)
   101d6:	c391                	beqz	a5,101da <exit+0x18>
   101d8:	9782                	jalr	a5
   101da:	8522                	mv	a0,s0
   101dc:	292000ef          	jal	ra,1046e <_exit>

00000000000101e0 <__libc_init_array>:
   101e0:	1101                	addi	sp,sp,-32
   101e2:	e822                	sd	s0,16(sp)
   101e4:	e04a                	sd	s2,0(sp)
   101e6:	00001417          	auipc	s0,0x1
   101ea:	2be40413          	addi	s0,s0,702 # 114a4 <__preinit_array_end>
   101ee:	00001917          	auipc	s2,0x1
   101f2:	2b690913          	addi	s2,s2,694 # 114a4 <__preinit_array_end>
   101f6:	40890933          	sub	s2,s2,s0
   101fa:	ec06                	sd	ra,24(sp)
   101fc:	e426                	sd	s1,8(sp)
   101fe:	40395913          	srai	s2,s2,0x3
   10202:	00090963          	beqz	s2,10214 <__libc_init_array+0x34>
   10206:	4481                	li	s1,0
   10208:	601c                	ld	a5,0(s0)
   1020a:	0485                	addi	s1,s1,1
   1020c:	0421                	addi	s0,s0,8
   1020e:	9782                	jalr	a5
   10210:	fe991ce3          	bne	s2,s1,10208 <__libc_init_array+0x28>
   10214:	00001417          	auipc	s0,0x1
   10218:	29440413          	addi	s0,s0,660 # 114a8 <__init_array_start>
   1021c:	00001917          	auipc	s2,0x1
   10220:	29c90913          	addi	s2,s2,668 # 114b8 <__init_array_end>
   10224:	40890933          	sub	s2,s2,s0
   10228:	40395913          	srai	s2,s2,0x3
   1022c:	00090963          	beqz	s2,1023e <__libc_init_array+0x5e>
   10230:	4481                	li	s1,0
   10232:	601c                	ld	a5,0(s0)
   10234:	0485                	addi	s1,s1,1
   10236:	0421                	addi	s0,s0,8
   10238:	9782                	jalr	a5
   1023a:	fe991ce3          	bne	s2,s1,10232 <__libc_init_array+0x52>
   1023e:	60e2                	ld	ra,24(sp)
   10240:	6442                	ld	s0,16(sp)
   10242:	64a2                	ld	s1,8(sp)
   10244:	6902                	ld	s2,0(sp)
   10246:	6105                	addi	sp,sp,32
   10248:	8082                	ret

000000000001024a <memset>:
   1024a:	433d                	li	t1,15
   1024c:	872a                	mv	a4,a0
   1024e:	02c37163          	bgeu	t1,a2,10270 <memset+0x26>
   10252:	00f77793          	andi	a5,a4,15
   10256:	e3c1                	bnez	a5,102d6 <memset+0x8c>
   10258:	e1bd                	bnez	a1,102be <memset+0x74>
   1025a:	ff067693          	andi	a3,a2,-16
   1025e:	8a3d                	andi	a2,a2,15
   10260:	96ba                	add	a3,a3,a4
   10262:	e30c                	sd	a1,0(a4)
   10264:	e70c                	sd	a1,8(a4)
   10266:	0741                	addi	a4,a4,16
   10268:	fed76de3          	bltu	a4,a3,10262 <memset+0x18>
   1026c:	e211                	bnez	a2,10270 <memset+0x26>
   1026e:	8082                	ret
   10270:	40c306b3          	sub	a3,t1,a2
   10274:	068a                	slli	a3,a3,0x2
   10276:	00000297          	auipc	t0,0x0
   1027a:	9696                	add	a3,a3,t0
   1027c:	00a68067          	jr	10(a3)
   10280:	00b70723          	sb	a1,14(a4)
   10284:	00b706a3          	sb	a1,13(a4)
   10288:	00b70623          	sb	a1,12(a4)
   1028c:	00b705a3          	sb	a1,11(a4)
   10290:	00b70523          	sb	a1,10(a4)
   10294:	00b704a3          	sb	a1,9(a4)
   10298:	00b70423          	sb	a1,8(a4)
   1029c:	00b703a3          	sb	a1,7(a4)
   102a0:	00b70323          	sb	a1,6(a4)
   102a4:	00b702a3          	sb	a1,5(a4)
   102a8:	00b70223          	sb	a1,4(a4)
   102ac:	00b701a3          	sb	a1,3(a4)
   102b0:	00b70123          	sb	a1,2(a4)
   102b4:	00b700a3          	sb	a1,1(a4)
   102b8:	00b70023          	sb	a1,0(a4)
   102bc:	8082                	ret
   102be:	0ff5f593          	andi	a1,a1,255
   102c2:	00859693          	slli	a3,a1,0x8
   102c6:	8dd5                	or	a1,a1,a3
   102c8:	01059693          	slli	a3,a1,0x10
   102cc:	8dd5                	or	a1,a1,a3
   102ce:	02059693          	slli	a3,a1,0x20
   102d2:	8dd5                	or	a1,a1,a3
   102d4:	b759                	j	1025a <memset+0x10>
   102d6:	00279693          	slli	a3,a5,0x2
   102da:	00000297          	auipc	t0,0x0
   102de:	9696                	add	a3,a3,t0
   102e0:	8286                	mv	t0,ra
   102e2:	fa2680e7          	jalr	-94(a3)
   102e6:	8096                	mv	ra,t0
   102e8:	17c1                	addi	a5,a5,-16
   102ea:	8f1d                	sub	a4,a4,a5
   102ec:	963e                	add	a2,a2,a5
   102ee:	f8c371e3          	bgeu	t1,a2,10270 <memset+0x26>
   102f2:	b79d                	j	10258 <memset+0xe>

00000000000102f4 <__call_exitprocs>:
   102f4:	715d                	addi	sp,sp,-80
   102f6:	f052                	sd	s4,32(sp)
   102f8:	f481ba03          	ld	s4,-184(gp) # 11c08 <_global_impure_ptr>
   102fc:	f84a                	sd	s2,48(sp)
   102fe:	1f8a3903          	ld	s2,504(s4)
   10302:	e486                	sd	ra,72(sp)
   10304:	e0a2                	sd	s0,64(sp)
   10306:	fc26                	sd	s1,56(sp)
   10308:	f44e                	sd	s3,40(sp)
   1030a:	ec56                	sd	s5,24(sp)
   1030c:	e85a                	sd	s6,16(sp)
   1030e:	e45e                	sd	s7,8(sp)
   10310:	e062                	sd	s8,0(sp)
   10312:	02090863          	beqz	s2,10342 <__call_exitprocs+0x4e>
   10316:	8b2a                	mv	s6,a0
   10318:	8bae                	mv	s7,a1
   1031a:	4a85                	li	s5,1
   1031c:	59fd                	li	s3,-1
   1031e:	00892483          	lw	s1,8(s2)
   10322:	fff4841b          	addiw	s0,s1,-1
   10326:	00044e63          	bltz	s0,10342 <__call_exitprocs+0x4e>
   1032a:	048e                	slli	s1,s1,0x3
   1032c:	94ca                	add	s1,s1,s2
   1032e:	020b8663          	beqz	s7,1035a <__call_exitprocs+0x66>
   10332:	2084b783          	ld	a5,520(s1)
   10336:	03778263          	beq	a5,s7,1035a <__call_exitprocs+0x66>
   1033a:	347d                	addiw	s0,s0,-1
   1033c:	14e1                	addi	s1,s1,-8
   1033e:	ff3418e3          	bne	s0,s3,1032e <__call_exitprocs+0x3a>
   10342:	60a6                	ld	ra,72(sp)
   10344:	6406                	ld	s0,64(sp)
   10346:	74e2                	ld	s1,56(sp)
   10348:	7942                	ld	s2,48(sp)
   1034a:	79a2                	ld	s3,40(sp)
   1034c:	7a02                	ld	s4,32(sp)
   1034e:	6ae2                	ld	s5,24(sp)
   10350:	6b42                	ld	s6,16(sp)
   10352:	6ba2                	ld	s7,8(sp)
   10354:	6c02                	ld	s8,0(sp)
   10356:	6161                	addi	sp,sp,80
   10358:	8082                	ret
   1035a:	00892783          	lw	a5,8(s2)
   1035e:	6498                	ld	a4,8(s1)
   10360:	37fd                	addiw	a5,a5,-1
   10362:	04878463          	beq	a5,s0,103aa <__call_exitprocs+0xb6>
   10366:	0004b423          	sd	zero,8(s1)
   1036a:	db61                	beqz	a4,1033a <__call_exitprocs+0x46>
   1036c:	31092783          	lw	a5,784(s2)
   10370:	008a96bb          	sllw	a3,s5,s0
   10374:	00892c03          	lw	s8,8(s2)
   10378:	8ff5                	and	a5,a5,a3
   1037a:	2781                	sext.w	a5,a5
   1037c:	ef89                	bnez	a5,10396 <__call_exitprocs+0xa2>
   1037e:	9702                	jalr	a4
   10380:	00892703          	lw	a4,8(s2)
   10384:	1f8a3783          	ld	a5,504(s4)
   10388:	01871463          	bne	a4,s8,10390 <__call_exitprocs+0x9c>
   1038c:	faf907e3          	beq	s2,a5,1033a <__call_exitprocs+0x46>
   10390:	dbcd                	beqz	a5,10342 <__call_exitprocs+0x4e>
   10392:	893e                	mv	s2,a5
   10394:	b769                	j	1031e <__call_exitprocs+0x2a>
   10396:	31492783          	lw	a5,788(s2)
   1039a:	1084b583          	ld	a1,264(s1)
   1039e:	8ff5                	and	a5,a5,a3
   103a0:	2781                	sext.w	a5,a5
   103a2:	e799                	bnez	a5,103b0 <__call_exitprocs+0xbc>
   103a4:	855a                	mv	a0,s6
   103a6:	9702                	jalr	a4
   103a8:	bfe1                	j	10380 <__call_exitprocs+0x8c>
   103aa:	00892423          	sw	s0,8(s2)
   103ae:	bf75                	j	1036a <__call_exitprocs+0x76>
   103b0:	852e                	mv	a0,a1
   103b2:	9702                	jalr	a4
   103b4:	b7f1                	j	10380 <__call_exitprocs+0x8c>

00000000000103b6 <__libc_fini_array>:
   103b6:	1101                	addi	sp,sp,-32
   103b8:	e822                	sd	s0,16(sp)
   103ba:	00001797          	auipc	a5,0x1
   103be:	10678793          	addi	a5,a5,262 # 114c0 <__fini_array_end>
   103c2:	00001417          	auipc	s0,0x1
   103c6:	0f640413          	addi	s0,s0,246 # 114b8 <__init_array_end>
   103ca:	8f81                	sub	a5,a5,s0
   103cc:	e426                	sd	s1,8(sp)
   103ce:	ec06                	sd	ra,24(sp)
   103d0:	4037d493          	srai	s1,a5,0x3
   103d4:	c881                	beqz	s1,103e4 <__libc_fini_array+0x2e>
   103d6:	17e1                	addi	a5,a5,-8
   103d8:	943e                	add	s0,s0,a5
   103da:	601c                	ld	a5,0(s0)
   103dc:	14fd                	addi	s1,s1,-1
   103de:	1461                	addi	s0,s0,-8
   103e0:	9782                	jalr	a5
   103e2:	fce5                	bnez	s1,103da <__libc_fini_array+0x24>
   103e4:	60e2                	ld	ra,24(sp)
   103e6:	6442                	ld	s0,16(sp)
   103e8:	64a2                	ld	s1,8(sp)
   103ea:	6105                	addi	sp,sp,32
   103ec:	8082                	ret

00000000000103ee <atexit>:
   103ee:	85aa                	mv	a1,a0
   103f0:	4681                	li	a3,0
   103f2:	4601                	li	a2,0
   103f4:	4501                	li	a0,0
   103f6:	a009                	j	103f8 <__register_exitproc>

00000000000103f8 <__register_exitproc>:
   103f8:	f481b703          	ld	a4,-184(gp) # 11c08 <_global_impure_ptr>
   103fc:	1f873783          	ld	a5,504(a4)
   10400:	c3b1                	beqz	a5,10444 <__register_exitproc+0x4c>
   10402:	4798                	lw	a4,8(a5)
   10404:	487d                	li	a6,31
   10406:	06e84263          	blt	a6,a4,1046a <__register_exitproc+0x72>
   1040a:	c505                	beqz	a0,10432 <__register_exitproc+0x3a>
   1040c:	00371813          	slli	a6,a4,0x3
   10410:	983e                	add	a6,a6,a5
   10412:	10c83823          	sd	a2,272(a6)
   10416:	3107a883          	lw	a7,784(a5)
   1041a:	4605                	li	a2,1
   1041c:	00e6163b          	sllw	a2,a2,a4
   10420:	00c8e8b3          	or	a7,a7,a2
   10424:	3117a823          	sw	a7,784(a5)
   10428:	20d83823          	sd	a3,528(a6)
   1042c:	4689                	li	a3,2
   1042e:	02d50063          	beq	a0,a3,1044e <__register_exitproc+0x56>
   10432:	00270693          	addi	a3,a4,2
   10436:	068e                	slli	a3,a3,0x3
   10438:	2705                	addiw	a4,a4,1
   1043a:	c798                	sw	a4,8(a5)
   1043c:	97b6                	add	a5,a5,a3
   1043e:	e38c                	sd	a1,0(a5)
   10440:	4501                	li	a0,0
   10442:	8082                	ret
   10444:	20070793          	addi	a5,a4,512
   10448:	1ef73c23          	sd	a5,504(a4)
   1044c:	bf5d                	j	10402 <__register_exitproc+0xa>
   1044e:	3147a683          	lw	a3,788(a5)
   10452:	4501                	li	a0,0
   10454:	8e55                	or	a2,a2,a3
   10456:	00270693          	addi	a3,a4,2
   1045a:	068e                	slli	a3,a3,0x3
   1045c:	2705                	addiw	a4,a4,1
   1045e:	30c7aa23          	sw	a2,788(a5)
   10462:	c798                	sw	a4,8(a5)
   10464:	97b6                	add	a5,a5,a3
   10466:	e38c                	sd	a1,0(a5)
   10468:	8082                	ret
   1046a:	557d                	li	a0,-1
   1046c:	8082                	ret

000000000001046e <_exit>:
   1046e:	4581                	li	a1,0
   10470:	4601                	li	a2,0
   10472:	4681                	li	a3,0
   10474:	4701                	li	a4,0
   10476:	4781                	li	a5,0
   10478:	05d00893          	li	a7,93
   1047c:	00000073          	ecall
   10480:	00054363          	bltz	a0,10486 <_exit+0x18>
   10484:	a001                	j	10484 <_exit+0x16>
   10486:	1141                	addi	sp,sp,-16
   10488:	e022                	sd	s0,0(sp)
   1048a:	842a                	mv	s0,a0
   1048c:	e406                	sd	ra,8(sp)
   1048e:	4080043b          	negw	s0,s0
   10492:	008000ef          	jal	ra,1049a <__errno>
   10496:	c100                	sw	s0,0(a0)
   10498:	a001                	j	10498 <_exit+0x2a>

000000000001049a <__errno>:
   1049a:	f581b503          	ld	a0,-168(gp) # 11c18 <_impure_ptr>
   1049e:	8082                	ret
